#
# There is insufficient memory for the Java Runtime Environment to continue.
# Native memory allocation (malloc) failed to allocate 2097152 bytes. Error detail: AllocateHeap
# Possible reasons:
#   The system is out of physical RAM or swap space
#   This process is running with CompressedOops enabled, and the Java Heap may be blocking the growth of the native heap
# Possible solutions:
#   Reduce memory load on the system
#   Increase physical memory or swap space
#   Check if swap backing store is full
#   Decrease Java heap size (-Xmx/-Xms)
#   Decrease number of Java threads
#   Decrease Java thread stack sizes (-Xss)
#   Set larger code cache with -XX:ReservedCodeCacheSize=
#   JVM is running with Unscaled Compressed Oops mode in which the Java heap is
#     placed in the first 4GB address space. The Java Heap base address is the
#     maximum limit for the native heap growth. Please use -XX:HeapBaseMinAddress
#     to set the Java Heap base and to place the Java Heap above 4GB virtual address.
# This output file may be truncated or incomplete.
#
#  Out of Memory Error (allocation.cpp:44), pid=14764, tid=39872
#
# JRE version: OpenJDK Runtime Environment Temurin-17.0.12+7 (17.0.12+7) (build 17.0.12+7)
# Java VM: OpenJDK 64-Bit Server VM Temurin-17.0.12+7 (17.0.12+7, mixed mode, emulated-client, tiered, compressed oops, compressed class ptrs, g1 gc, windows-amd64)
# No core dump will be written. Minidumps are not enabled by default on client versions of Windows
#

---------------  S U M M A R Y ------------

Command Line: -Xmx1024m -Dsts.lsp.client=vscode -Dsts.log.file=/dev/null -XX:TieredStopAtLevel=1 -Xlog:jni+resolve=off -agentpath:C:\Program Files\Palo Alto Networks\Traps\cyjagent.dll c:\Users\prakhars2\.vscode\extensions\vmware.vscode-spring-boot-1.57.0\language-server\spring-boot-language-server-1.57.0-SNAPSHOT-exec.jar

Host: 12th Gen Intel(R) Core(TM) i7-1265U, 12 cores, 15G,  Windows 10 , 64 bit Build 19041 (10.0.19041.3636)
Time: Sat Sep 21 12:08:03 2024 India Standard Time elapsed time: 1525.052464 seconds (0d 0h 25m 25s)

---------------  T H R E A D  ---------------

Current thread (0x0000019dff9ad9e0):  VMThread "VM Thread" [stack: 0x0000003ddb000000,0x0000003ddb100000] [id=39872]

Stack: [0x0000003ddb000000,0x0000003ddb100000]
Native frames: (J=compiled Java code, j=interpreted, Vv=VM code, C=native code)
V  [jvm.dll+0x67f929]
V  [jvm.dll+0x8371ba]
V  [jvm.dll+0x838c7e]
V  [jvm.dll+0x8392e3]
V  [jvm.dll+0x24834f]
V  [jvm.dll+0xa70d3]
V  [jvm.dll+0x2f9101]
V  [jvm.dll+0x2f4d00]
V  [jvm.dll+0x2dd82f]
V  [jvm.dll+0x3201f7]
V  [jvm.dll+0x83d7dd]
V  [jvm.dll+0x83e522]
V  [jvm.dll+0x83ea4f]
V  [jvm.dll+0x83ee34]
V  [jvm.dll+0x83ef00]
V  [jvm.dll+0x7e65dc]
V  [jvm.dll+0x67e7f7]
C  [ucrtbase.dll+0x21bb2]
C  [cyinjct.dll+0x11e7]
C  [KERNEL32.DLL+0x17344]
C  [ntdll.dll+0x526b1]

VM_Operation (0x0000003ddd2fee00): G1CollectFull, mode: safepoint, requested by thread 0x0000019d85e43760


---------------  P R O C E S S  ---------------

Threads class SMR info:
_java_thread_list=0x0000019d85f01b00, length=21, elements={
0x0000019dff9b3570, 0x0000019dff9b4300, 0x0000019dff9be630, 0x0000019d801d9370,
0x0000019d801dc4f0, 0x0000019d801dcdc0, 0x0000019d801e2ae0, 0x0000019d801e3b90,
0x0000019d8032e3f0, 0x0000019d8032ae80, 0x0000019d85e41e10, 0x0000019d85e43760,
0x0000019d85e42d40, 0x0000019d85e42830, 0x0000019d85e450b0, 0x0000019d85e455c0,
0x0000019d85e42320, 0x0000019d85e43250, 0x0000019d85e44180, 0x0000019d85e44690,
0x0000019d861f8770
}

Java Threads: ( => current thread )
  0x0000019dff9b3570 JavaThread "Reference Handler" daemon [_thread_blocked, id=33760, stack(0x0000003ddb100000,0x0000003ddb200000)]
  0x0000019dff9b4300 JavaThread "Finalizer" daemon [_thread_blocked, id=24224, stack(0x0000003ddb200000,0x0000003ddb300000)]
  0x0000019dff9be630 JavaThread "Signal Dispatcher" daemon [_thread_blocked, id=39636, stack(0x0000003ddb300000,0x0000003ddb400000)]
  0x0000019d801d9370 JavaThread "Attach Listener" daemon [_thread_blocked, id=7652, stack(0x0000003ddb400000,0x0000003ddb500000)]
  0x0000019d801dc4f0 JavaThread "Service Thread" daemon [_thread_blocked, id=14464, stack(0x0000003ddb500000,0x0000003ddb600000)]
  0x0000019d801dcdc0 JavaThread "Monitor Deflation Thread" daemon [_thread_blocked, id=39136, stack(0x0000003ddb600000,0x0000003ddb700000)]
  0x0000019d801e2ae0 JavaThread "C1 CompilerThread0" daemon [_thread_blocked, id=36184, stack(0x0000003ddb700000,0x0000003ddb800000)]
  0x0000019d801e3b90 JavaThread "Sweeper thread" daemon [_thread_blocked, id=18548, stack(0x0000003ddb800000,0x0000003ddb900000)]
  0x0000019d8032e3f0 JavaThread "Notification Thread" daemon [_thread_blocked, id=15304, stack(0x0000003ddbb00000,0x0000003ddbc00000)]
  0x0000019d8032ae80 JavaThread "Common-Cleaner" daemon [_thread_blocked, id=38716, stack(0x0000003ddbd00000,0x0000003ddbe00000)]
  0x0000019d85e41e10 JavaThread "boundedElastic-evictor-1" daemon [_thread_blocked, id=34776, stack(0x0000003ddd100000,0x0000003ddd200000)]
  0x0000019d85e43760 JavaThread "pool-13-thread-1" [_thread_blocked, id=13688, stack(0x0000003ddd200000,0x0000003ddd300000)]
  0x0000019d85e42d40 JavaThread "LanguageServerApp-lifecycle" [_thread_blocked, id=29128, stack(0x0000003ddd300000,0x0000003ddd400000)]
  0x0000019d85e42830 JavaThread "DestroyJavaVM" [_thread_blocked, id=39888, stack(0x0000003ddaa00000,0x0000003ddab00000)]
  0x0000019d85e450b0 JavaThread "pool-14-thread-1" [_thread_in_native, id=31072, stack(0x0000003ddd400000,0x0000003ddd500000)]
  0x0000019d85e455c0 JavaThread "Simple-Language-Server main thread" daemon [_thread_blocked, id=988, stack(0x0000003ddd500000,0x0000003ddd600000)]
  0x0000019d85e42320 JavaThread "pool-8-thread-1" [_thread_blocked, id=27304, stack(0x0000003ddd600000,0x0000003ddd700000)]
  0x0000019d85e43250 JavaThread "parallel-1" daemon [_thread_blocked, id=16988, stack(0x0000003ddd700000,0x0000003ddd800000)]
  0x0000019d85e44180 JavaThread "pool-6-thread-1" [_thread_blocked, id=37716, stack(0x0000003ddd900000,0x0000003ddda00000)]
  0x0000019d85e44690 JavaThread "parallel-2" daemon [_thread_blocked, id=28560, stack(0x0000003ddda00000,0x0000003dddb00000)]
  0x0000019d861f8770 JavaThread "Reconciler-1" daemon [_thread_blocked, id=37044, stack(0x0000003dddc00000,0x0000003dddd00000)]

Other Threads:
=>0x0000019dff9ad9e0 VMThread "VM Thread" [stack: 0x0000003ddb000000,0x0000003ddb100000] [id=39872]
  0x0000019d80321550 WatcherThread [stack: 0x0000003ddbc00000,0x0000003ddbd00000] [id=19200]
  0x0000019df4d45460 GCTaskThread "GC Thread#0" [stack: 0x0000003ddab00000,0x0000003ddac00000] [id=20848]
  0x0000019d80e703b0 GCTaskThread "GC Thread#1" [stack: 0x0000003ddbe00000,0x0000003ddbf00000] [id=3604]
  0x0000019d80e70670 GCTaskThread "GC Thread#2" [stack: 0x0000003ddbf00000,0x0000003ddc000000] [id=19496]
  0x0000019d8501ee90 GCTaskThread "GC Thread#3" [stack: 0x0000003ddc000000,0x0000003ddc100000] [id=36464]
  0x0000019d8501f150 GCTaskThread "GC Thread#4" [stack: 0x0000003ddc100000,0x0000003ddc200000] [id=21168]
  0x0000019d8504c020 GCTaskThread "GC Thread#5" [stack: 0x0000003ddc200000,0x0000003ddc300000] [id=24384]
  0x0000019d8554f6f0 GCTaskThread "GC Thread#6" [stack: 0x0000003ddc400000,0x0000003ddc500000] [id=38704]
  0x0000019d85767730 GCTaskThread "GC Thread#7" [stack: 0x0000003ddc600000,0x0000003ddc700000] [id=36140]
  0x0000019d855e7870 GCTaskThread "GC Thread#8" [stack: 0x0000003ddc700000,0x0000003ddc800000] [id=11720]
  0x0000019d855e7b30 GCTaskThread "GC Thread#9" [stack: 0x0000003ddc800000,0x0000003ddc900000] [id=28724]
  0x0000019df4d4e3b0 ConcurrentGCThread "G1 Main Marker" [stack: 0x0000003ddac00000,0x0000003ddad00000] [id=39492]
  0x0000019df4d4edd0 ConcurrentGCThread "G1 Conc#0" [stack: 0x0000003ddad00000,0x0000003ddae00000] [id=30324]
  0x0000019d855e7460 ConcurrentGCThread "G1 Conc#1" [stack: 0x0000003ddc900000,0x0000003ddca00000] [id=5848]
  0x0000019d85633240 ConcurrentGCThread "G1 Conc#2" [stack: 0x0000003ddca00000,0x0000003ddcb00000] [id=18284]
  0x0000019dff897060 ConcurrentGCThread "G1 Refine#0" [stack: 0x0000003ddae00000,0x0000003ddaf00000] [id=5404]
  0x0000019dff897a90 ConcurrentGCThread "G1 Service" [stack: 0x0000003ddaf00000,0x0000003ddb000000] [id=35028]

Threads with active compile tasks:

VM state: at safepoint (normal execution)

VM Mutex/Monitor currently owned by a thread:  ([mutex/lock_event])
[0x0000019df4d03aa0] Threads_lock - owner thread: 0x0000019dff9ad9e0
[0x0000019df4d03c50] Heap_lock - owner thread: 0x0000019d85e43760

Heap address: 0x00000000c0000000, size: 1024 MB, Compressed Oops mode: 32-bit

CDS archive(s) not mapped
Compressed class space mapped at: 0x0000000100000000-0x0000000140000000, reserved size: 1073741824
Narrow klass base: 0x0000000000000000, Narrow klass shift: 3, Narrow klass range: 0x140000000

GC Precious Log:
 CPUs: 12 total, 12 available
 Memory: 16016M
 Large Page Support: Disabled
 NUMA Support: Disabled
 Compressed Oops: Enabled (32-bit)
 Heap Region Size: 1M
 Heap Min Capacity: 8M
 Heap Initial Capacity: 252M
 Heap Max Capacity: 1G
 Pre-touch: Disabled
 Parallel Workers: 10
 Concurrent Workers: 3
 Concurrent Refinement Workers: 10
 Periodic GC: Disabled

Heap:
 garbage-first heap   total 75776K, used 25357K [0x00000000c0000000, 0x0000000100000000)
  region size 1024K, 1 young (1024K), 0 survivors (0K)
 Metaspace       used 41153K, committed 41728K, reserved 1114112K
  class space    used 5263K, committed 5504K, reserved 1048576K

Heap Regions: E=young(eden), S=young(survivor), O=old, HS=humongous(starts), HC=humongous(continues), CS=collection set, F=free, OA=open archive, CA=closed archive, TAMS=top-at-mark-start (previous, next)
|   0|0x00000000c0000000, 0x00000000c0100000, 0x00000000c0100000|100%|HS|  |TAMS 0x00000000c0100000, 0x00000000c0000000| Untracked 
|   1|0x00000000c0100000, 0x00000000c0200000, 0x00000000c0200000|100%|HC|  |TAMS 0x00000000c0200000, 0x00000000c0100000| Untracked 
|   2|0x00000000c0200000, 0x00000000c0300000, 0x00000000c0300000|100%|HC|  |TAMS 0x00000000c0300000, 0x00000000c0200000| Untracked 
|   3|0x00000000c0300000, 0x00000000c0400000, 0x00000000c0400000|100%|HC|  |TAMS 0x00000000c0400000, 0x00000000c0300000| Untracked 
|   4|0x00000000c0400000, 0x00000000c0500000, 0x00000000c0500000|100%|HS|  |TAMS 0x00000000c0500000, 0x00000000c0400000| Untracked 
|   5|0x00000000c0500000, 0x00000000c0600000, 0x00000000c0600000|100%|HC|  |TAMS 0x00000000c0600000, 0x00000000c0500000| Untracked 
|   6|0x00000000c0600000, 0x00000000c0700000, 0x00000000c0700000|100%| O|  |TAMS 0x00000000c0700000, 0x00000000c0600000| Untracked 
|   7|0x00000000c0700000, 0x00000000c07ffff8, 0x00000000c0800000| 99%| O|  |TAMS 0x00000000c07ffff8, 0x00000000c0700000| Untracked 
|   8|0x00000000c0800000, 0x00000000c0900000, 0x00000000c0900000|100%| O|  |TAMS 0x00000000c0900000, 0x00000000c0800000| Untracked 
|   9|0x00000000c0900000, 0x00000000c09ffff0, 0x00000000c0a00000| 99%| O|  |TAMS 0x00000000c09ffff0, 0x00000000c0900000| Untracked 
|  10|0x00000000c0a00000, 0x00000000c0b00000, 0x00000000c0b00000|100%| O|  |TAMS 0x00000000c0b00000, 0x00000000c0a00000| Untracked 
|  11|0x00000000c0b00000, 0x00000000c0c00000, 0x00000000c0c00000|100%| O|  |TAMS 0x00000000c0c00000, 0x00000000c0b00000| Untracked 
|  12|0x00000000c0c00000, 0x00000000c0cffff8, 0x00000000c0d00000| 99%| O|  |TAMS 0x00000000c0cffff8, 0x00000000c0c00000| Untracked 
|  13|0x00000000c0d00000, 0x00000000c0e00000, 0x00000000c0e00000|100%| O|  |TAMS 0x00000000c0e00000, 0x00000000c0d00000| Untracked 
|  14|0x00000000c0e00000, 0x00000000c0effff0, 0x00000000c0f00000| 99%| O|  |TAMS 0x00000000c0effff0, 0x00000000c0e00000| Untracked 
|  15|0x00000000c0f00000, 0x00000000c0fffff8, 0x00000000c1000000| 99%| O|  |TAMS 0x00000000c0fffff8, 0x00000000c0f00000| Untracked 
|  16|0x00000000c1000000, 0x00000000c10ffff0, 0x00000000c1100000| 99%| O|  |TAMS 0x00000000c10ffff0, 0x00000000c1000000| Untracked 
|  17|0x00000000c1100000, 0x00000000c11fffe8, 0x00000000c1200000| 99%| O|  |TAMS 0x00000000c11fffe8, 0x00000000c1100000| Untracked 
|  18|0x00000000c1200000, 0x00000000c12fffd0, 0x00000000c1300000| 99%| O|  |TAMS 0x00000000c12fffd0, 0x00000000c1200000| Untracked 
|  19|0x00000000c1300000, 0x00000000c13fffb8, 0x00000000c1400000| 99%| O|  |TAMS 0x00000000c13fffb8, 0x00000000c1300000| Untracked 
|  20|0x00000000c1400000, 0x00000000c14fa7f0, 0x00000000c1500000| 97%| O|  |TAMS 0x00000000c14fa7f0, 0x00000000c1400000| Untracked 
|  21|0x00000000c1500000, 0x00000000c15f52a8, 0x00000000c1600000| 95%| O|  |TAMS 0x00000000c15f52a8, 0x00000000c1500000| Untracked 
|  22|0x00000000c1600000, 0x00000000c16ffff0, 0x00000000c1700000| 99%| O|  |TAMS 0x00000000c16ffff0, 0x00000000c1600000| Untracked 
|  23|0x00000000c1700000, 0x00000000c17d1708, 0x00000000c1800000| 81%| O|  |TAMS 0x00000000c1700000, 0x00000000c1700000| Untracked 
|  24|0x00000000c1800000, 0x00000000c18fffc8, 0x00000000c1900000| 99%| O|  |TAMS 0x00000000c18fffc8, 0x00000000c1800000| Untracked 
|  25|0x00000000c1900000, 0x00000000c1902470, 0x00000000c1a00000|  0%| O|  |TAMS 0x00000000c1900000, 0x00000000c1900000| Untracked 
|  26|0x00000000c1a00000, 0x00000000c1a00000, 0x00000000c1b00000|  0%| F|  |TAMS 0x00000000c1a00000, 0x00000000c1a00000| Untracked 
|  27|0x00000000c1b00000, 0x00000000c1b00000, 0x00000000c1c00000|  0%| F|  |TAMS 0x00000000c1b00000, 0x00000000c1b00000| Untracked 
|  28|0x00000000c1c00000, 0x00000000c1c00000, 0x00000000c1d00000|  0%| F|  |TAMS 0x00000000c1c00000, 0x00000000c1c00000| Untracked 
|  29|0x00000000c1d00000, 0x00000000c1d00000, 0x00000000c1e00000|  0%| F|  |TAMS 0x00000000c1d00000, 0x00000000c1d00000| Untracked 
|  30|0x00000000c1e00000, 0x00000000c1e00000, 0x00000000c1f00000|  0%| F|  |TAMS 0x00000000c1e00000, 0x00000000c1e00000| Untracked 
|  31|0x00000000c1f00000, 0x00000000c1f00000, 0x00000000c2000000|  0%| F|  |TAMS 0x00000000c1f00000, 0x00000000c1f00000| Untracked 
|  32|0x00000000c2000000, 0x00000000c2000000, 0x00000000c2100000|  0%| F|  |TAMS 0x00000000c2000000, 0x00000000c2000000| Untracked 
|  33|0x00000000c2100000, 0x00000000c2100000, 0x00000000c2200000|  0%| F|  |TAMS 0x00000000c2100000, 0x00000000c2100000| Untracked 
|  34|0x00000000c2200000, 0x00000000c2200000, 0x00000000c2300000|  0%| F|  |TAMS 0x00000000c2200000, 0x00000000c2200000| Untracked 
|  35|0x00000000c2300000, 0x00000000c2300000, 0x00000000c2400000|  0%| F|  |TAMS 0x00000000c2300000, 0x00000000c2300000| Untracked 
|  36|0x00000000c2400000, 0x00000000c2400000, 0x00000000c2500000|  0%| F|  |TAMS 0x00000000c2400000, 0x00000000c2400000| Untracked 
|  37|0x00000000c2500000, 0x00000000c2500000, 0x00000000c2600000|  0%| F|  |TAMS 0x00000000c2500000, 0x00000000c2500000| Untracked 
|  38|0x00000000c2600000, 0x00000000c2600000, 0x00000000c2700000|  0%| F|  |TAMS 0x00000000c2600000, 0x00000000c2600000| Untracked 
|  39|0x00000000c2700000, 0x00000000c2700000, 0x00000000c2800000|  0%| F|  |TAMS 0x00000000c2700000, 0x00000000c2700000| Untracked 
|  40|0x00000000c2800000, 0x00000000c2800000, 0x00000000c2900000|  0%| F|  |TAMS 0x00000000c2800000, 0x00000000c2800000| Untracked 
|  41|0x00000000c2900000, 0x00000000c2900000, 0x00000000c2a00000|  0%| F|  |TAMS 0x00000000c2900000, 0x00000000c2900000| Untracked 
|  42|0x00000000c2a00000, 0x00000000c2a00000, 0x00000000c2b00000|  0%| F|  |TAMS 0x00000000c2a00000, 0x00000000c2a00000| Untracked 
|  43|0x00000000c2b00000, 0x00000000c2b00000, 0x00000000c2c00000|  0%| F|  |TAMS 0x00000000c2b00000, 0x00000000c2b00000| Untracked 
|  44|0x00000000c2c00000, 0x00000000c2c00000, 0x00000000c2d00000|  0%| F|  |TAMS 0x00000000c2c00000, 0x00000000c2c00000| Untracked 
|  45|0x00000000c2d00000, 0x00000000c2d00000, 0x00000000c2e00000|  0%| F|  |TAMS 0x00000000c2d00000, 0x00000000c2d00000| Untracked 
|  46|0x00000000c2e00000, 0x00000000c2e00000, 0x00000000c2f00000|  0%| F|  |TAMS 0x00000000c2e00000, 0x00000000c2e00000| Untracked 
|  47|0x00000000c2f00000, 0x00000000c2f00000, 0x00000000c3000000|  0%| F|  |TAMS 0x00000000c2f00000, 0x00000000c2f00000| Untracked 
|  48|0x00000000c3000000, 0x00000000c3000000, 0x00000000c3100000|  0%| F|  |TAMS 0x00000000c3000000, 0x00000000c3000000| Untracked 
|  49|0x00000000c3100000, 0x00000000c3100000, 0x00000000c3200000|  0%| F|  |TAMS 0x00000000c3100000, 0x00000000c3100000| Untracked 
|  50|0x00000000c3200000, 0x00000000c3200000, 0x00000000c3300000|  0%| F|  |TAMS 0x00000000c3200000, 0x00000000c3200000| Untracked 
|  51|0x00000000c3300000, 0x00000000c3300000, 0x00000000c3400000|  0%| F|  |TAMS 0x00000000c3300000, 0x00000000c3300000| Untracked 
|  52|0x00000000c3400000, 0x00000000c3400000, 0x00000000c3500000|  0%| F|  |TAMS 0x00000000c3400000, 0x00000000c3400000| Untracked 
|  53|0x00000000c3500000, 0x00000000c3500000, 0x00000000c3600000|  0%| F|  |TAMS 0x00000000c3500000, 0x00000000c3500000| Untracked 
|  54|0x00000000c3600000, 0x00000000c3600000, 0x00000000c3700000|  0%| F|  |TAMS 0x00000000c3600000, 0x00000000c3600000| Untracked 
|  55|0x00000000c3700000, 0x00000000c3700000, 0x00000000c3800000|  0%| F|  |TAMS 0x00000000c3700000, 0x00000000c3700000| Untracked 
|  56|0x00000000c3800000, 0x00000000c3800000, 0x00000000c3900000|  0%| F|  |TAMS 0x00000000c3800000, 0x00000000c3800000| Untracked 
|  57|0x00000000c3900000, 0x00000000c3900000, 0x00000000c3a00000|  0%| F|  |TAMS 0x00000000c3900000, 0x00000000c3900000| Untracked 
|  58|0x00000000c3a00000, 0x00000000c3a00000, 0x00000000c3b00000|  0%| F|  |TAMS 0x00000000c3a00000, 0x00000000c3a00000| Untracked 
|  59|0x00000000c3b00000, 0x00000000c3b00000, 0x00000000c3c00000|  0%| F|  |TAMS 0x00000000c3b00000, 0x00000000c3b00000| Untracked 
|  60|0x00000000c3c00000, 0x00000000c3c00000, 0x00000000c3d00000|  0%| F|  |TAMS 0x00000000c3c00000, 0x00000000c3c00000| Untracked 
|  61|0x00000000c3d00000, 0x00000000c3d00000, 0x00000000c3e00000|  0%| F|  |TAMS 0x00000000c3d00000, 0x00000000c3d00000| Untracked 
|  62|0x00000000c3e00000, 0x00000000c3e00000, 0x00000000c3f00000|  0%| F|  |TAMS 0x00000000c3e00000, 0x00000000c3e00000| Untracked 
|  63|0x00000000c3f00000, 0x00000000c3f00000, 0x00000000c4000000|  0%| F|  |TAMS 0x00000000c3f00000, 0x00000000c3f00000| Untracked 
|  64|0x00000000c4000000, 0x00000000c4000000, 0x00000000c4100000|  0%| F|  |TAMS 0x00000000c4000000, 0x00000000c4000000| Untracked 
|  65|0x00000000c4100000, 0x00000000c4100000, 0x00000000c4200000|  0%| F|  |TAMS 0x00000000c4100000, 0x00000000c4100000| Untracked 
|  66|0x00000000c4200000, 0x00000000c4200000, 0x00000000c4300000|  0%| F|  |TAMS 0x00000000c4200000, 0x00000000c4200000| Untracked 
|  67|0x00000000c4300000, 0x00000000c4300000, 0x00000000c4400000|  0%| F|  |TAMS 0x00000000c4300000, 0x00000000c4300000| Untracked 
| 223|0x00000000cdf00000, 0x00000000cdf00000, 0x00000000ce000000|  0%| F|  |TAMS 0x00000000cdf00000, 0x00000000cdf00000| Untracked 
| 226|0x00000000ce200000, 0x00000000ce200000, 0x00000000ce300000|  0%| F|  |TAMS 0x00000000ce200000, 0x00000000ce200000| Untracked 
| 227|0x00000000ce300000, 0x00000000ce300000, 0x00000000ce400000|  0%| F|  |TAMS 0x00000000ce300000, 0x00000000ce300000| Untracked 
| 228|0x00000000ce400000, 0x00000000ce400000, 0x00000000ce500000|  0%| F|  |TAMS 0x00000000ce400000, 0x00000000ce400000| Untracked 
| 230|0x00000000ce600000, 0x00000000ce600000, 0x00000000ce700000|  0%| F|  |TAMS 0x00000000ce600000, 0x00000000ce600000| Untracked 
| 251|0x00000000cfb00000, 0x00000000cfb17e78, 0x00000000cfc00000|  9%| E|  |TAMS 0x00000000cfb00000, 0x00000000cfb00000| Complete 

Card table byte_map: [0x0000019dfaf80000,0x0000019dfb180000] _byte_map_base: 0x0000019dfa980000

Marking Bits (Prev, Next): (CMBitMap*) 0x0000019df4d45ac0, (CMBitMap*) 0x0000019df4d45a80
 Prev Bits: [0x0000019dfc380000, 0x0000019dfd380000)
 Next Bits: [0x0000019dfb380000, 0x0000019dfc380000)

Polling page: 0x0000019df2620000

Metaspace:

Usage:
  Non-class:     35.05 MB used.
      Class:      5.14 MB used.
       Both:     40.19 MB used.

Virtual space:
  Non-class space:       64.00 MB reserved,      35.38 MB ( 55%) committed,  1 nodes.
      Class space:        1.00 GB reserved,       5.38 MB ( <1%) committed,  1 nodes.
             Both:        1.06 GB reserved,      40.75 MB (  4%) committed. 

Chunk freelists:
   Non-Class:  12.32 MB
       Class:  10.52 MB
        Both:  22.84 MB

MaxMetaspaceSize: unlimited
CompressedClassSpaceSize: 1.00 GB
Initial GC threshold: 21.00 MB
Current GC threshold: 67.94 MB
CDS: off
MetaspaceReclaimPolicy: balanced
 - commit_granule_bytes: 65536.
 - commit_granule_words: 8192.
 - virtual_space_node_default_size: 8388608.
 - enlarge_chunks_in_place: 1.
 - new_chunks_are_fully_committed: 0.
 - uncommit_free_chunks: 1.
 - use_allocation_guard: 0.
 - handle_deallocations: 1.


Internal statistics:

num_allocs_failed_limit: 6.
num_arena_births: 502.
num_arena_deaths: 152.
num_vsnodes_births: 2.
num_vsnodes_deaths: 0.
num_space_committed: 651.
num_space_uncommitted: 0.
num_chunks_returned_to_freelist: 168.
num_chunks_taken_from_freelist: 1725.
num_chunk_merges: 51.
num_chunk_splits: 1207.
num_chunks_enlarged: 931.
num_inconsistent_stats: 0.

CodeCache: size=49152Kb used=6929Kb max_used=8487Kb free=42222Kb
 bounds [0x0000019df7940000, 0x0000019df8190000, 0x0000019dfa940000]
 total_blobs=4276 nmethods=3728 adapters=475
 compilation: enabled
              stopped_count=0, restarted_count=0
 full_count=0

Compilation events (20 events):
Event: 1398.728 Thread 0x0000019d801e2ae0 3719       1       java.util.concurrent.locks.AbstractQueuedSynchronizer$Node::clearStatus (12 bytes)
Event: 1398.728 Thread 0x0000019d801e2ae0 nmethod 3719 0x0000019df7d0ac90 code [0x0000019df7d0ae20, 0x0000019df7d0aef8]
Event: 1398.728 Thread 0x0000019d801e2ae0 3720       1       jdk.internal.misc.Unsafe::putIntOpaque (9 bytes)
Event: 1398.728 Thread 0x0000019d801e2ae0 nmethod 3720 0x0000019df7d0a990 code [0x0000019df7d0ab20, 0x0000019df7d0abf8]
Event: 1398.728 Thread 0x0000019d801e2ae0 3721   !   1       java.util.concurrent.locks.AbstractQueuedSynchronizer::acquire (407 bytes)
Event: 1398.730 Thread 0x0000019d801e2ae0 nmethod 3721 0x0000019df7d08d10 code [0x0000019df7d08fc0, 0x0000019df7d0a148]
Event: 1398.730 Thread 0x0000019d801e2ae0 3722       1       java.util.concurrent.locks.ReentrantLock$NonfairSync::tryAcquire (27 bytes)
Event: 1398.730 Thread 0x0000019d801e2ae0 nmethod 3722 0x0000019df7d08990 code [0x0000019df7d08b20, 0x0000019df7d08c98]
Event: 1404.315 Thread 0x0000019d801e2ae0 3723       1       java.util.concurrent.locks.AbstractQueuedSynchronizer$ConditionObject::unlinkCancelledWaiters (91 bytes)
Event: 1404.316 Thread 0x0000019d801e2ae0 nmethod 3723 0x0000019df7d08410 code [0x0000019df7d085c0, 0x0000019df7d08858]
Event: 1408.725 Thread 0x0000019d801e2ae0 3724       1       java.util.concurrent.Executors$RunnableAdapter::call (14 bytes)
Event: 1408.725 Thread 0x0000019d801e2ae0 nmethod 3724 0x0000019df7d08110 code [0x0000019df7d082a0, 0x0000019df7d083a8]
Event: 1417.443 Thread 0x0000019d801e2ae0 3725   !   1       java.util.concurrent.FutureTask::runAndReset (125 bytes)
Event: 1417.447 Thread 0x0000019d801e2ae0 nmethod 3725 0x0000019df7d06f90 code [0x0000019df7d07200, 0x0000019df7d07b38]
Event: 1418.728 Thread 0x0000019d801e2ae0 3726       1       java.util.concurrent.ScheduledThreadPoolExecutor$ScheduledFutureTask::setNextRunTime (38 bytes)
Event: 1418.729 Thread 0x0000019d801e2ae0 nmethod 3726 0x0000019df7d06b10 code [0x0000019df7d06cc0, 0x0000019df7d06ea8]
Event: 1418.729 Thread 0x0000019d801e2ae0 3727       1       java.util.concurrent.ScheduledThreadPoolExecutor::reExecutePeriodic (49 bytes)
Event: 1418.730 Thread 0x0000019d801e2ae0 nmethod 3727 0x0000019df7d06510 code [0x0000019df7d06700, 0x0000019df7d06948]
Event: 1513.181 Thread 0x0000019d801e2ae0 3728   !   1       java.lang.ref.Reference::processPendingReferences (118 bytes)
Event: 1513.186 Thread 0x0000019d801e2ae0 nmethod 3728 0x0000019df7d05910 code [0x0000019df7d05b60, 0x0000019df7d061b8]

GC Heap History (20 events):
Event: 1407.428 GC heap after
{Heap after GC invocations=119 (full 110):
 garbage-first heap   total 75776K, used 25357K [0x00000000c0000000, 0x0000000100000000)
  region size 1024K, 0 young (0K), 0 survivors (0K)
 Metaspace       used 41153K, committed 41728K, reserved 1114112K
  class space    used 5263K, committed 5504K, reserved 1048576K
}
Event: 1419.528 GC heap before
{Heap before GC invocations=119 (full 110):
 garbage-first heap   total 75776K, used 25357K [0x00000000c0000000, 0x0000000100000000)
  region size 1024K, 1 young (1024K), 0 survivors (0K)
 Metaspace       used 41153K, committed 41728K, reserved 1114112K
  class space    used 5263K, committed 5504K, reserved 1048576K
}
Event: 1419.570 GC heap after
{Heap after GC invocations=120 (full 111):
 garbage-first heap   total 75776K, used 25357K [0x00000000c0000000, 0x0000000100000000)
  region size 1024K, 0 young (0K), 0 survivors (0K)
 Metaspace       used 41153K, committed 41728K, reserved 1114112K
  class space    used 5263K, committed 5504K, reserved 1048576K
}
Event: 1431.544 GC heap before
{Heap before GC invocations=120 (full 111):
 garbage-first heap   total 75776K, used 25357K [0x00000000c0000000, 0x0000000100000000)
  region size 1024K, 1 young (1024K), 0 survivors (0K)
 Metaspace       used 41153K, committed 41728K, reserved 1114112K
  class space    used 5263K, committed 5504K, reserved 1048576K
}
Event: 1431.590 GC heap after
{Heap after GC invocations=121 (full 112):
 garbage-first heap   total 75776K, used 25357K [0x00000000c0000000, 0x0000000100000000)
  region size 1024K, 0 young (0K), 0 survivors (0K)
 Metaspace       used 41153K, committed 41728K, reserved 1114112K
  class space    used 5263K, committed 5504K, reserved 1048576K
}
Event: 1443.367 GC heap before
{Heap before GC invocations=121 (full 112):
 garbage-first heap   total 75776K, used 25357K [0x00000000c0000000, 0x0000000100000000)
  region size 1024K, 1 young (1024K), 0 survivors (0K)
 Metaspace       used 41153K, committed 41728K, reserved 1114112K
  class space    used 5263K, committed 5504K, reserved 1048576K
}
Event: 1443.402 GC heap after
{Heap after GC invocations=122 (full 113):
 garbage-first heap   total 75776K, used 25357K [0x00000000c0000000, 0x0000000100000000)
  region size 1024K, 0 young (0K), 0 survivors (0K)
 Metaspace       used 41153K, committed 41728K, reserved 1114112K
  class space    used 5263K, committed 5504K, reserved 1048576K
}
Event: 1455.435 GC heap before
{Heap before GC invocations=122 (full 113):
 garbage-first heap   total 75776K, used 25357K [0x00000000c0000000, 0x0000000100000000)
  region size 1024K, 1 young (1024K), 0 survivors (0K)
 Metaspace       used 41153K, committed 41728K, reserved 1114112K
  class space    used 5263K, committed 5504K, reserved 1048576K
}
Event: 1455.460 GC heap after
{Heap after GC invocations=123 (full 114):
 garbage-first heap   total 75776K, used 25357K [0x00000000c0000000, 0x0000000100000000)
  region size 1024K, 0 young (0K), 0 survivors (0K)
 Metaspace       used 41153K, committed 41728K, reserved 1114112K
  class space    used 5263K, committed 5504K, reserved 1048576K
}
Event: 1466.949 GC heap before
{Heap before GC invocations=123 (full 114):
 garbage-first heap   total 75776K, used 25357K [0x00000000c0000000, 0x0000000100000000)
  region size 1024K, 1 young (1024K), 0 survivors (0K)
 Metaspace       used 41153K, committed 41728K, reserved 1114112K
  class space    used 5263K, committed 5504K, reserved 1048576K
}
Event: 1466.979 GC heap after
{Heap after GC invocations=124 (full 115):
 garbage-first heap   total 75776K, used 25357K [0x00000000c0000000, 0x0000000100000000)
  region size 1024K, 0 young (0K), 0 survivors (0K)
 Metaspace       used 41153K, committed 41728K, reserved 1114112K
  class space    used 5263K, committed 5504K, reserved 1048576K
}
Event: 1478.438 GC heap before
{Heap before GC invocations=124 (full 115):
 garbage-first heap   total 75776K, used 25357K [0x00000000c0000000, 0x0000000100000000)
  region size 1024K, 1 young (1024K), 0 survivors (0K)
 Metaspace       used 41153K, committed 41728K, reserved 1114112K
  class space    used 5263K, committed 5504K, reserved 1048576K
}
Event: 1478.464 GC heap after
{Heap after GC invocations=125 (full 116):
 garbage-first heap   total 75776K, used 25357K [0x00000000c0000000, 0x0000000100000000)
  region size 1024K, 0 young (0K), 0 survivors (0K)
 Metaspace       used 41153K, committed 41728K, reserved 1114112K
  class space    used 5263K, committed 5504K, reserved 1048576K
}
Event: 1489.950 GC heap before
{Heap before GC invocations=125 (full 116):
 garbage-first heap   total 75776K, used 25357K [0x00000000c0000000, 0x0000000100000000)
  region size 1024K, 1 young (1024K), 0 survivors (0K)
 Metaspace       used 41153K, committed 41728K, reserved 1114112K
  class space    used 5263K, committed 5504K, reserved 1048576K
}
Event: 1489.973 GC heap after
{Heap after GC invocations=126 (full 117):
 garbage-first heap   total 75776K, used 25357K [0x00000000c0000000, 0x0000000100000000)
  region size 1024K, 0 young (0K), 0 survivors (0K)
 Metaspace       used 41153K, committed 41728K, reserved 1114112K
  class space    used 5263K, committed 5504K, reserved 1048576K
}
Event: 1501.343 GC heap before
{Heap before GC invocations=126 (full 117):
 garbage-first heap   total 75776K, used 25357K [0x00000000c0000000, 0x0000000100000000)
  region size 1024K, 1 young (1024K), 0 survivors (0K)
 Metaspace       used 41153K, committed 41728K, reserved 1114112K
  class space    used 5263K, committed 5504K, reserved 1048576K
}
Event: 1501.366 GC heap after
{Heap after GC invocations=127 (full 118):
 garbage-first heap   total 75776K, used 25357K [0x00000000c0000000, 0x0000000100000000)
  region size 1024K, 0 young (0K), 0 survivors (0K)
 Metaspace       used 41153K, committed 41728K, reserved 1114112K
  class space    used 5263K, committed 5504K, reserved 1048576K
}
Event: 1513.145 GC heap before
{Heap before GC invocations=127 (full 118):
 garbage-first heap   total 75776K, used 25357K [0x00000000c0000000, 0x0000000100000000)
  region size 1024K, 1 young (1024K), 0 survivors (0K)
 Metaspace       used 41153K, committed 41728K, reserved 1114112K
  class space    used 5263K, committed 5504K, reserved 1048576K
}
Event: 1513.180 GC heap after
{Heap after GC invocations=128 (full 119):
 garbage-first heap   total 75776K, used 25357K [0x00000000c0000000, 0x0000000100000000)
  region size 1024K, 0 young (0K), 0 survivors (0K)
 Metaspace       used 41153K, committed 41728K, reserved 1114112K
  class space    used 5263K, committed 5504K, reserved 1048576K
}
Event: 1525.035 GC heap before
{Heap before GC invocations=128 (full 119):
 garbage-first heap   total 75776K, used 25357K [0x00000000c0000000, 0x0000000100000000)
  region size 1024K, 1 young (1024K), 0 survivors (0K)
 Metaspace       used 41153K, committed 41728K, reserved 1114112K
  class space    used 5263K, committed 5504K, reserved 1048576K
}

Dll operation events (8 events):
Event: 0.068 Loaded shared library c:\Users\prakhars2\.vscode\extensions\redhat.java-1.34.0-win32-x64\jre\17.0.12-win32-x86_64\bin\java.dll
Event: 0.435 Loaded shared library C:\Users\prakhars2\.vscode\extensions\redhat.java-1.34.0-win32-x64\jre\17.0.12-win32-x86_64\bin\net.dll
Event: 0.458 Loaded shared library C:\Users\prakhars2\.vscode\extensions\redhat.java-1.34.0-win32-x64\jre\17.0.12-win32-x86_64\bin\nio.dll
Event: 0.487 Loaded shared library C:\Users\prakhars2\.vscode\extensions\redhat.java-1.34.0-win32-x64\jre\17.0.12-win32-x86_64\bin\zip.dll
Event: 1.534 Loaded shared library C:\Users\prakhars2\.vscode\extensions\redhat.java-1.34.0-win32-x64\jre\17.0.12-win32-x86_64\bin\jimage.dll
Event: 4.206 Loaded shared library c:\Users\prakhars2\.vscode\extensions\redhat.java-1.34.0-win32-x64\jre\17.0.12-win32-x86_64\bin\verify.dll
Event: 8.949 Loaded shared library C:\Users\prakhars2\.vscode\extensions\redhat.java-1.34.0-win32-x64\jre\17.0.12-win32-x86_64\bin\management.dll
Event: 8.963 Loaded shared library C:\Users\prakhars2\.vscode\extensions\redhat.java-1.34.0-win32-x64\jre\17.0.12-win32-x86_64\bin\management_ext.dll

Deoptimization events (4 events):
Event: 9.604 Thread 0x0000019d85e450b0 DEOPT PACKING pc=0x0000019df7f17781 sp=0x0000003ddd4fda20
Event: 9.605 Thread 0x0000019d85e450b0 DEOPT UNPACKING pc=0x0000019df7997143 sp=0x0000003ddd4fceb0 mode 3
Event: 9.737 Thread 0x0000019d85e455c0 DEOPT PACKING pc=0x0000019df7efa597 sp=0x0000003ddd5fec90
Event: 9.737 Thread 0x0000019d85e455c0 DEOPT UNPACKING pc=0x0000019df7997143 sp=0x0000003ddd5fe0e8 mode 3

Classes loaded (20 events):
Event: 9.662 Loading class java/util/concurrent/CompletableFuture$UniRelay
Event: 9.663 Loading class java/util/concurrent/CompletableFuture$UniRelay done
Event: 10.395 Loading class java/util/concurrent/atomic/AtomicLongFieldUpdater
Event: 10.395 Loading class java/util/concurrent/atomic/AtomicLongFieldUpdater done
Event: 10.396 Loading class java/util/concurrent/atomic/AtomicLongFieldUpdater$CASUpdater
Event: 10.396 Loading class java/util/concurrent/atomic/AtomicLongFieldUpdater$CASUpdater done
Event: 10.396 Loading class java/util/concurrent/atomic/AtomicLongFieldUpdater$CASUpdater$1
Event: 10.396 Loading class java/util/concurrent/atomic/AtomicLongFieldUpdater$CASUpdater$1 done
Event: 68.926 Loading class java/lang/ProcessBuilder
Event: 68.926 Loading class java/lang/ProcessBuilder done
Event: 68.930 Loading class java/lang/ProcessImpl
Event: 68.930 Loading class java/lang/ProcessImpl done
Event: 68.993 Loading class java/lang/ProcessImpl$2
Event: 68.993 Loading class java/lang/ProcessImpl$2 done
Event: 68.993 Loading class java/lang/Process$PipeInputStream
Event: 68.993 Loading class java/lang/Process$PipeInputStream done
Event: 68.993 Loading class jdk/internal/event/ProcessStartEvent
Event: 68.993 Loading class jdk/internal/event/ProcessStartEvent done
Event: 70.217 Loading class java/io/FileOutputStream$1
Event: 70.217 Loading class java/io/FileOutputStream$1 done

Classes unloaded (20 events):
Event: 81.504 Thread 0x0000019dff9ad9e0 Unloading class 0x0000000100094800 'java/lang/invoke/LambdaForm$MH+0x0000000100094800'
Event: 81.504 Thread 0x0000019dff9ad9e0 Unloading class 0x0000000100094400 'java/lang/invoke/LambdaForm$MH+0x0000000100094400'
Event: 81.504 Thread 0x0000019dff9ad9e0 Unloading class 0x000000010008e800 'java/lang/invoke/LambdaForm$MH+0x000000010008e800'
Event: 81.504 Thread 0x0000019dff9ad9e0 Unloading class 0x000000010008e400 'java/lang/invoke/LambdaForm$MH+0x000000010008e400'
Event: 81.504 Thread 0x0000019dff9ad9e0 Unloading class 0x000000010008e000 'java/lang/invoke/LambdaForm$MH+0x000000010008e000'
Event: 81.504 Thread 0x0000019dff9ad9e0 Unloading class 0x000000010008dc00 'java/lang/invoke/LambdaForm$MH+0x000000010008dc00'
Event: 81.504 Thread 0x0000019dff9ad9e0 Unloading class 0x000000010008d800 'java/lang/invoke/LambdaForm$MH+0x000000010008d800'
Event: 81.504 Thread 0x0000019dff9ad9e0 Unloading class 0x000000010008d400 'java/lang/invoke/LambdaForm$MH+0x000000010008d400'
Event: 81.504 Thread 0x0000019dff9ad9e0 Unloading class 0x000000010008cc00 'java/lang/invoke/LambdaForm$MH+0x000000010008cc00'
Event: 81.504 Thread 0x0000019dff9ad9e0 Unloading class 0x000000010008c800 'java/lang/invoke/LambdaForm$MH+0x000000010008c800'
Event: 81.504 Thread 0x0000019dff9ad9e0 Unloading class 0x000000010008c000 'java/lang/invoke/LambdaForm$MH+0x000000010008c000'
Event: 81.504 Thread 0x0000019dff9ad9e0 Unloading class 0x000000010008bc00 'java/lang/invoke/LambdaForm$MH+0x000000010008bc00'
Event: 81.504 Thread 0x0000019dff9ad9e0 Unloading class 0x000000010008ac00 'java/lang/invoke/LambdaForm$MH+0x000000010008ac00'
Event: 81.504 Thread 0x0000019dff9ad9e0 Unloading class 0x000000010008a400 'java/lang/invoke/LambdaForm$MH+0x000000010008a400'
Event: 81.504 Thread 0x0000019dff9ad9e0 Unloading class 0x000000010008a000 'java/lang/invoke/LambdaForm$MH+0x000000010008a000'
Event: 81.504 Thread 0x0000019dff9ad9e0 Unloading class 0x0000000100089c00 'java/lang/invoke/LambdaForm$MH+0x0000000100089c00'
Event: 81.504 Thread 0x0000019dff9ad9e0 Unloading class 0x0000000100089800 'java/lang/invoke/LambdaForm$MH+0x0000000100089800'
Event: 81.504 Thread 0x0000019dff9ad9e0 Unloading class 0x0000000100089400 'java/lang/invoke/LambdaForm$MH+0x0000000100089400'
Event: 81.504 Thread 0x0000019dff9ad9e0 Unloading class 0x0000000100088c00 'java/lang/invoke/LambdaForm$MH+0x0000000100088c00'
Event: 81.504 Thread 0x0000019dff9ad9e0 Unloading class 0x0000000100088400 'java/lang/invoke/LambdaForm$MH+0x0000000100088400'

Classes redefined (3 events):
Event: 0.368 Thread 0x0000019dff9ad9e0 redefined class name=java.io.FileOutputStream, count=1
Event: 0.371 Thread 0x0000019dff9ad9e0 redefined class name=java.io.File, count=1
Event: 0.373 Thread 0x0000019dff9ad9e0 redefined class name=java.net.URLStreamHandler, count=1

Internal exceptions (20 events):
Event: 5.894 Thread 0x0000019df4d07d00 Exception <a 'java/lang/NoSuchMethodError'{0x00000000c3d97000}: 'int java.lang.invoke.Invokers$Holder.linkToTargetMethod(java.lang.Object, java.lang.Object, java.lang.Object)'> (0x00000000c3d97000) 
thrown [s\src\hotspot\share\interpreter\linkResolver.cpp, line 759]
Event: 6.148 Thread 0x0000019df4d07d00 Exception <a 'java/lang/NoSuchMethodError'{0x00000000c3955eb8}: 'java.lang.Object java.lang.invoke.DirectMethodHandle$Holder.invokeStaticInit(java.lang.Object, int, int, int, int)'> (0x00000000c3955eb8) 
thrown [s\src\hotspot\share\interpreter\linkResolver.cpp, line 759]
Event: 6.719 Thread 0x0000019df4d07d00 Exception <a 'java/lang/NoSuchMethodError'{0x00000000c3835dc8}: 'java.lang.Object java.lang.invoke.DirectMethodHandle$Holder.invokeStaticInit(java.lang.Object, java.lang.Object, int, int, int, int)'> (0x00000000c3835dc8) 
thrown [s\src\hotspot\share\interpreter\linkResolver.cpp, line 759]
Event: 7.252 Thread 0x0000019df4d07d00 Exception <a 'java/lang/NoSuchMethodError'{0x00000000cfbe7540}: 'void java.lang.invoke.DirectMethodHandle$Holder.invokeSpecialIFC(java.lang.Object, java.lang.Object, java.lang.Object)'> (0x00000000cfbe7540) 
thrown [s\src\hotspot\share\interpreter\linkResolver.cpp, line 759]
Event: 7.928 Thread 0x0000019df4d07d00 Exception <a 'java/lang/NoSuchMethodError'{0x00000000c371d150}: 'int java.lang.invoke.DirectMethodHandle$Holder.invokeSpecial(java.lang.Object, java.lang.Object, java.lang.Object, java.lang.Object, java.lang.Object)'> (0x00000000c371d150) 
thrown [s\src\hotspot\share\interpreter\linkResolver.cpp, line 759]
Event: 8.031 Thread 0x0000019df4d07d00 Exception <a 'java/lang/NoSuchMethodError'{0x00000000c34a9548}: 'void java.lang.invoke.DirectMethodHandle$Holder.invokeVirtual(java.lang.Object, java.lang.Object)'> (0x00000000c34a9548) 
thrown [s\src\hotspot\share\interpreter\linkResolver.cpp, line 759]
Event: 8.060 Thread 0x0000019df4d07d00 Exception <a 'java/lang/NoSuchMethodError'{0x00000000c3301188}: 'int java.lang.invoke.DirectMethodHandle$Holder.invokeStaticInit(java.lang.Object, java.lang.Object, int, java.lang.Object)'> (0x00000000c3301188) 
thrown [s\src\hotspot\share\interpreter\linkResolver.cpp, line 759]
Event: 8.161 Thread 0x0000019df4d07d00 Exception <a 'java/lang/NoSuchMethodError'{0x00000000ce614b48}: 'void java.lang.invoke.DirectMethodHandle$Holder.invokeSpecial(java.lang.Object, java.lang.Object, java.lang.Object, java.lang.Object, java.lang.Object, java.lang.Object, java.lang.Object)'> (0x00000000ce614b48) 
thrown [s\src\hotspot\share\interpreter\linkResolver.cpp, line 759]
Event: 8.545 Thread 0x0000019df4d07d00 Exception <a 'java/lang/NoSuchMethodError'{0x00000000c42805f0}: 'java.lang.Object java.lang.invoke.DirectMethodHandle$Holder.invokeInterface(java.lang.Object, java.lang.Object, int)'> (0x00000000c42805f0) 
thrown [s\src\hotspot\share\interpreter\linkResolver.cpp, line 759]
Event: 8.549 Thread 0x0000019df4d07d00 Exception <a 'java/lang/IncompatibleClassChangeError'{0x00000000c42948f0}: Found class java.lang.Object, but interface was expected> (0x00000000c42948f0) 
thrown [s\src\hotspot\share\interpreter\linkResolver.cpp, line 826]
Event: 8.927 Thread 0x0000019df4d07d00 Exception <a 'java/lang/NoSuchMethodError'{0x00000000c3d62460}: 'java.lang.Object java.lang.invoke.DirectMethodHandle$Holder.newInvokeSpecial(java.lang.Object, java.lang.Object, int, java.lang.Object, java.lang.Object)'> (0x00000000c3d62460) 
thrown [s\src\hotspot\share\interpreter\linkResolver.cpp, line 759]
Event: 8.931 Thread 0x0000019df4d07d00 Exception <a 'java/lang/NoSuchMethodError'{0x00000000c3d76468}: 'java.lang.Object java.lang.invoke.DirectMethodHandle$Holder.newInvokeSpecial(java.lang.Object, java.lang.Object, java.lang.Object, int)'> (0x00000000c3d76468) 
thrown [s\src\hotspot\share\interpreter\linkResolver.cpp, line 759]
Event: 8.932 Thread 0x0000019df4d07d00 Exception <a 'java/lang/NoSuchMethodError'{0x00000000c3d7a750}: 'java.lang.Object java.lang.invoke.DirectMethodHandle$Holder.invokeSpecial(java.lang.Object, java.lang.Object, java.lang.Object, java.lang.Object, int)'> (0x00000000c3d7a750) 
thrown [s\src\hotspot\share\interpreter\linkResolver.cpp, line 759]
Event: 8.932 Thread 0x0000019df4d07d00 Exception <a 'java/lang/NoSuchMethodError'{0x00000000c3d7e318}: 'java.lang.Object java.lang.invoke.Invokers$Holder.linkToTargetMethod(java.lang.Object, java.lang.Object, int, java.lang.Object)'> (0x00000000c3d7e318) 
thrown [s\src\hotspot\share\interpreter\linkResolver.cpp, line 759]
Event: 9.483 Thread 0x0000019d85e455c0 Exception <a 'java/lang/NoSuchMethodError'{0x00000000c351b7d0}: 'java.lang.Object java.lang.invoke.DirectMethodHandle$Holder.invokeStatic(java.lang.Object, int, java.lang.Object)'> (0x00000000c351b7d0) 
thrown [s\src\hotspot\share\interpreter\linkResolver.cpp, line 759]
Event: 9.536 Thread 0x0000019d85e450b0 Exception <a 'java/lang/NoSuchMethodError'{0x00000000c356e700}: 'java.lang.Object java.lang.invoke.DirectMethodHandle$Holder.invokeStatic(java.lang.Object, java.lang.Object, java.lang.Object, int, java.lang.Object, java.lang.Object)'> (0x00000000c356e700) 
thrown [s\src\hotspot\share\interpreter\linkResolver.cpp, line 759]
Event: 10.386 Thread 0x0000019d861f8770 Exception <a 'java/lang/NoSuchMethodError'{0x00000000cfb8d5c0}: 'int java.lang.invoke.DirectMethodHandle$Holder.invokeStatic(java.lang.Object)'> (0x00000000cfb8d5c0) 
thrown [s\src\hotspot\share\interpreter\linkResolver.cpp, line 759]
Event: 10.387 Thread 0x0000019d861f8770 Exception <a 'java/lang/NoSuchMethodError'{0x00000000cfb909c0}: 'int java.lang.invoke.DirectMethodHandle$Holder.invokeStaticInit(java.lang.Object)'> (0x00000000cfb909c0) 
thrown [s\src\hotspot\share\interpreter\linkResolver.cpp, line 759]
Event: 68.992 Thread 0x0000019d85e43760 Exception <a 'java/lang/NoSuchMethodError'{0x00000000cfbee4e0}: 'void java.lang.invoke.DirectMethodHandle$Holder.invokeStatic(java.lang.Object, long)'> (0x00000000cfbee4e0) 
thrown [s\src\hotspot\share\interpreter\linkResolver.cpp, line 759]
Event: 68.992 Thread 0x0000019d85e43760 Exception <a 'java/lang/NoSuchMethodError'{0x00000000cfbf3888}: 'java.lang.Object java.lang.invoke.DirectMethodHandle$Holder.newInvokeSpecial(java.lang.Object, long)'> (0x00000000cfbf3888) 
thrown [s\src\hotspot\share\interpreter\linkResolver.cpp, line 759]

VM Operations (20 events):
Event: 1419.485 Executing VM operation: Cleanup done
Event: 1419.528 Executing VM operation: G1CollectFull
Event: 1419.570 Executing VM operation: G1CollectFull done
Event: 1431.544 Executing VM operation: G1CollectFull
Event: 1431.590 Executing VM operation: G1CollectFull done
Event: 1443.367 Executing VM operation: G1CollectFull
Event: 1443.402 Executing VM operation: G1CollectFull done
Event: 1455.435 Executing VM operation: G1CollectFull
Event: 1455.460 Executing VM operation: G1CollectFull done
Event: 1466.949 Executing VM operation: G1CollectFull
Event: 1466.979 Executing VM operation: G1CollectFull done
Event: 1478.438 Executing VM operation: G1CollectFull
Event: 1478.464 Executing VM operation: G1CollectFull done
Event: 1489.950 Executing VM operation: G1CollectFull
Event: 1489.973 Executing VM operation: G1CollectFull done
Event: 1501.343 Executing VM operation: G1CollectFull
Event: 1501.366 Executing VM operation: G1CollectFull done
Event: 1513.145 Executing VM operation: G1CollectFull
Event: 1513.180 Executing VM operation: G1CollectFull done
Event: 1525.035 Executing VM operation: G1CollectFull

Events (20 events):
Event: 9.464 Thread 0x0000019d85e455c0 Thread added: 0x0000019d85e455c0
Event: 9.575 Thread 0x0000019d85e42320 Thread added: 0x0000019d85e42320
Event: 9.599 Thread 0x0000019d85e43250 Thread added: 0x0000019d85e43250
Event: 9.633 Thread 0x0000019d85e43c70 Thread added: 0x0000019d85e43c70
Event: 9.634 Thread 0x0000019d85e44180 Thread added: 0x0000019d85e44180
Event: 9.638 Thread 0x0000019d85e44690 Thread added: 0x0000019d85e44690
Event: 9.752 Thread 0x0000019d85e44ba0 Thread added: 0x0000019d85e44ba0
Event: 10.152 Thread 0x0000019d861f8770 Thread added: 0x0000019d861f8770
Event: 10.388 Thread 0x0000019d809282f0 Thread exited: 0x0000019d809282f0
Event: 15.411 Thread 0x0000019d8031f640 Thread exited: 0x0000019d8031f640
Event: 20.416 Thread 0x0000019d8031b100 Thread exited: 0x0000019d8031b100
Event: 69.773 Thread 0x0000019d85e44ba0 Thread exited: 0x0000019d85e44ba0
Event: 69.850 Thread 0x0000019d85a41860 Thread exited: 0x0000019d85a41860
Event: 91.293 Thread 0x0000019d85e43c70 Thread exited: 0x0000019d85e43c70
Event: 129.855 Thread 0x0000019d85a3fdb0 Thread exited: 0x0000019d85a3fdb0
Event: 189.859 Thread 0x0000019d85a41380 Thread exited: 0x0000019d85a41380
Event: 249.866 Thread 0x0000019d859aa170 Thread exited: 0x0000019d859aa170
Event: 309.875 Thread 0x0000019d85a40290 Thread exited: 0x0000019d85a40290
Event: 369.881 Thread 0x0000019d85a3b450 Thread exited: 0x0000019d85a3b450
Event: 429.883 Thread 0x0000019d85a3c140 Thread exited: 0x0000019d85a3c140


Dynamic libraries:
0x00007ff72ee60000 - 0x00007ff72ee6e000 	c:\Users\prakhars2\.vscode\extensions\redhat.java-1.34.0-win32-x64\jre\17.0.12-win32-x86_64\bin\java.exe
0x00007ffdc0af0000 - 0x00007ffdc0ce8000 	C:\windows\SYSTEM32\ntdll.dll
0x00007ffdc0850000 - 0x00007ffdc090d000 	C:\windows\System32\KERNEL32.DLL
0x00007ffdc0550000 - 0x00007ffdc0846000 	C:\windows\System32\KERNELBASE.dll
0x000000007f0d0000 - 0x000000007f10b000 	C:\windows\System32\cyinjct.dll
0x00007ffdc03d0000 - 0x00007ffdc03dc000 	C:\windows\System32\ntnativeapi.dll
0x00007ffdb4d10000 - 0x00007ffdb4d27000 	c:\Users\prakhars2\.vscode\extensions\redhat.java-1.34.0-win32-x64\jre\17.0.12-win32-x86_64\bin\jli.dll
0x0000019df2300000 - 0x0000019df249f000 	C:\windows\System32\USER32.dll
0x00007ffdbe500000 - 0x00007ffdbe522000 	C:\windows\System32\win32u.dll
0x00007ffdbfcb0000 - 0x00007ffdbfcdb000 	C:\windows\System32\GDI32.dll
0x00007ffdbe2e0000 - 0x00007ffdbe3f7000 	C:\windows\System32\gdi32full.dll
0x00007ffdbe660000 - 0x00007ffdbe6fd000 	C:\windows\System32\msvcp_win.dll
0x0000019df24a0000 - 0x0000019df25a0000 	C:\windows\System32\ucrtbase.dll
0x00007ffda12c0000 - 0x00007ffda12db000 	c:\Users\prakhars2\.vscode\extensions\redhat.java-1.34.0-win32-x64\jre\17.0.12-win32-x86_64\bin\VCRUNTIME140.dll
0x00007ffda3180000 - 0x00007ffda341a000 	C:\windows\WinSxS\amd64_microsoft.windows.common-controls_6595b64144ccf1df_6.0.19041.3636_none_60b6a03d71f818d5\COMCTL32.dll
0x00007ffdbfce0000 - 0x00007ffdbfd7e000 	C:\windows\System32\msvcrt.dll
0x00007ffdc03b0000 - 0x00007ffdc03ce000 	C:\windows\System32\cyvera.dll
0x00007ffdc0340000 - 0x00007ffdc03ae000 	C:\windows\System32\cyvrtrap.dll
0x00007ffdbea10000 - 0x00007ffdbea42000 	C:\windows\System32\IMM32.DLL
0x00007ffd8b8c0000 - 0x00007ffd8b964000 	C:\Program Files\McAfee\Endpoint Security\Threat Prevention\Ips\EpMPApi.dll
0x00007ffdc0420000 - 0x00007ffdc0543000 	C:\windows\System32\RPCRT4.dll
0x00007ffdbe810000 - 0x00007ffdbe8c0000 	C:\windows\System32\ADVAPI32.dll
0x00007ffdbfc10000 - 0x00007ffdbfcb0000 	C:\windows\System32\sechost.dll
0x00007ffdbe5e0000 - 0x00007ffdbe607000 	C:\windows\System32\bcrypt.dll
0x00007ffdbe490000 - 0x00007ffdbe4f7000 	C:\windows\System32\WINTRUST.dll
0x00007ffdbe080000 - 0x00007ffdbe1de000 	C:\windows\System32\CRYPT32.dll
0x00007ffdbdbd0000 - 0x00007ffdbdbe2000 	C:\windows\SYSTEM32\MSASN1.dll
0x0000000057580000 - 0x000000005758c000 	C:\Program Files\McAfee\Endpoint Security\Threat Prevention\Ips\EpMPThe.dll
0x00007ffd886b0000 - 0x00007ffd8870c000 	C:\Program Files\McAfee\Endpoint Security\Threat Prevention\Ips\HIPHandlers64.dll
0x00007ffdbef90000 - 0x00007ffdbf6fb000 	C:\windows\System32\SHELL32.dll
0x00007ffdbea60000 - 0x00007ffdbeab5000 	C:\windows\System32\SHLWAPI.dll
0x00007ffdbd420000 - 0x00007ffdbd45b000 	C:\windows\SYSTEM32\IPHLPAPI.DLL
0x00007ffdbc2a0000 - 0x00007ffdbc484000 	C:\windows\SYSTEM32\dbghelp.dll
0x00007ffdb5100000 - 0x00007ffdb510c000 	c:\Users\prakhars2\.vscode\extensions\redhat.java-1.34.0-win32-x64\jre\17.0.12-win32-x86_64\bin\vcruntime140_1.dll
0x00007ffd74910000 - 0x00007ffd7499d000 	c:\Users\prakhars2\.vscode\extensions\redhat.java-1.34.0-win32-x64\jre\17.0.12-win32-x86_64\bin\msvcp140.dll
0x00007ffd4e020000 - 0x00007ffd4ec8a000 	c:\Users\prakhars2\.vscode\extensions\redhat.java-1.34.0-win32-x64\jre\17.0.12-win32-x86_64\bin\server\jvm.dll
0x00007ffdbed10000 - 0x00007ffdbed7b000 	C:\windows\System32\WS2_32.dll
0x00007ffdbde30000 - 0x00007ffdbde7b000 	C:\windows\SYSTEM32\POWRPROF.dll
0x00007ffdb54f0000 - 0x00007ffdb5517000 	C:\windows\SYSTEM32\WINMM.dll
0x00007ffdb5480000 - 0x00007ffdb548a000 	C:\windows\SYSTEM32\VERSION.dll
0x00007ffdbde10000 - 0x00007ffdbde22000 	C:\windows\SYSTEM32\UMPDC.dll
0x00007ffdbc8c0000 - 0x00007ffdbc8d2000 	C:\windows\SYSTEM32\kernel.appcore.dll
0x00007ffda6b80000 - 0x00007ffda6b8a000 	c:\Users\prakhars2\.vscode\extensions\redhat.java-1.34.0-win32-x64\jre\17.0.12-win32-x86_64\bin\jimage.dll
0x00007ffd97970000 - 0x00007ffd979a4000 	C:\windows\SYSTEM32\dbgcore.DLL
0x00007ffdbe400000 - 0x00007ffdbe482000 	C:\windows\System32\bcryptPrimitives.dll
0x00007ffdc0300000 - 0x00007ffdc0337000 	C:\Program Files\Palo Alto Networks\Traps\cyjagent.dll
0x00007ffd9fba0000 - 0x00007ffd9fbc5000 	c:\Users\prakhars2\.vscode\extensions\redhat.java-1.34.0-win32-x64\jre\17.0.12-win32-x86_64\bin\java.dll
0x00007ffd9fd10000 - 0x00007ffd9fd28000 	c:\Users\prakhars2\.vscode\extensions\redhat.java-1.34.0-win32-x64\jre\17.0.12-win32-x86_64\bin\zip.dll
0x00007ffdbba30000 - 0x00007ffdbc1ce000 	C:\windows\SYSTEM32\windows.storage.dll
0x00007ffdbf7d0000 - 0x00007ffdbfb23000 	C:\windows\System32\combase.dll
0x00007ffdbda40000 - 0x00007ffdbda6e000 	C:\windows\SYSTEM32\Wldp.dll
0x00007ffdbf700000 - 0x00007ffdbf7cd000 	C:\windows\System32\OLEAUT32.dll
0x00007ffdc0250000 - 0x00007ffdc02fd000 	C:\windows\System32\SHCORE.dll
0x00007ffdbdfb0000 - 0x00007ffdbdfd3000 	C:\windows\SYSTEM32\profapi.dll
0x00007ffd9fb20000 - 0x00007ffd9fb39000 	C:\Users\prakhars2\.vscode\extensions\redhat.java-1.34.0-win32-x64\jre\17.0.12-win32-x86_64\bin\net.dll
0x00007ffdbcfe0000 - 0x00007ffdbd0ea000 	C:\windows\SYSTEM32\WINHTTP.dll
0x00007ffdbd740000 - 0x00007ffdbd7aa000 	C:\windows\system32\mswsock.dll
0x00007ffd9f9f0000 - 0x00007ffd9fa06000 	C:\Users\prakhars2\.vscode\extensions\redhat.java-1.34.0-win32-x64\jre\17.0.12-win32-x86_64\bin\nio.dll
0x00007ffda2140000 - 0x00007ffda2150000 	c:\Users\prakhars2\.vscode\extensions\redhat.java-1.34.0-win32-x64\jre\17.0.12-win32-x86_64\bin\verify.dll
0x00007ffdbd930000 - 0x00007ffdbd948000 	C:\windows\SYSTEM32\CRYPTSP.dll
0x00007ffdbcf50000 - 0x00007ffdbcf84000 	C:\windows\system32\rsaenh.dll
0x00007ffdbdf30000 - 0x00007ffdbdf5e000 	C:\windows\SYSTEM32\USERENV.dll
0x00007ffdbd950000 - 0x00007ffdbd95c000 	C:\windows\SYSTEM32\CRYPTBASE.dll
0x00007ffdbec70000 - 0x00007ffdbec78000 	C:\windows\System32\NSI.dll
0x00007ffdb7190000 - 0x00007ffdb71a7000 	C:\windows\SYSTEM32\dhcpcsvc6.DLL
0x00007ffdb7170000 - 0x00007ffdb718d000 	C:\windows\SYSTEM32\dhcpcsvc.DLL
0x00007ffdbd470000 - 0x00007ffdbd53b000 	C:\windows\SYSTEM32\DNSAPI.dll
0x00007ffd9fc50000 - 0x00007ffd9fc59000 	C:\Users\prakhars2\.vscode\extensions\redhat.java-1.34.0-win32-x64\jre\17.0.12-win32-x86_64\bin\management.dll
0x00007ffd9fb60000 - 0x00007ffd9fb6b000 	C:\Users\prakhars2\.vscode\extensions\redhat.java-1.34.0-win32-x64\jre\17.0.12-win32-x86_64\bin\management_ext.dll
0x00007ffdbed00000 - 0x00007ffdbed08000 	C:\windows\System32\PSAPI.DLL

dbghelp: loaded successfully - version: 4.0.5 - missing functions: none
symbol engine: initialized successfully - sym options: 0x614 - pdb path: .;c:\Users\prakhars2\.vscode\extensions\redhat.java-1.34.0-win32-x64\jre\17.0.12-win32-x86_64\bin;C:\windows\SYSTEM32;C:\windows\WinSxS\amd64_microsoft.windows.common-controls_6595b64144ccf1df_6.0.19041.3636_none_60b6a03d71f818d5;C:\Program Files\McAfee\Endpoint Security\Threat Prevention\Ips;c:\Users\prakhars2\.vscode\extensions\redhat.java-1.34.0-win32-x64\jre\17.0.12-win32-x86_64\bin\server;C:\Program Files\Palo Alto Networks\Traps

VM Arguments:
jvm_args: -Xmx1024m -Dsts.lsp.client=vscode -Dsts.log.file=/dev/null -XX:TieredStopAtLevel=1 -Xlog:jni+resolve=off -agentpath:C:\Program Files\Palo Alto Networks\Traps\cyjagent.dll 
java_command: c:\Users\prakhars2\.vscode\extensions\vmware.vscode-spring-boot-1.57.0\language-server\spring-boot-language-server-1.57.0-SNAPSHOT-exec.jar
java_class_path (initial): c:\Users\prakhars2\.vscode\extensions\vmware.vscode-spring-boot-1.57.0\language-server\spring-boot-language-server-1.57.0-SNAPSHOT-exec.jar
Launcher Type: SUN_STANDARD

[Global flags]
     intx CICompilerCount                          = 4                                         {product} {ergonomic}
     uint ConcGCThreads                            = 3                                         {product} {ergonomic}
     uint G1ConcRefinementThreads                  = 10                                        {product} {ergonomic}
   size_t G1HeapRegionSize                         = 1048576                                   {product} {ergonomic}
    uintx GCDrainStackTargetSize                   = 64                                        {product} {ergonomic}
   size_t InitialHeapSize                          = 264241152                                 {product} {ergonomic}
   size_t MarkStackSize                            = 4194304                                   {product} {ergonomic}
   size_t MaxHeapSize                              = 1073741824                                {product} {command line}
   size_t MaxNewSize                               = 643825664                                 {product} {ergonomic}
   size_t MinHeapDeltaBytes                        = 1048576                                   {product} {ergonomic}
   size_t MinHeapSize                              = 8388608                                   {product} {ergonomic}
    uintx NonProfiledCodeHeapSize                  = 0                                      {pd product} {ergonomic}
     bool ProfileInterpreter                       = false                                  {pd product} {command line}
    uintx ProfiledCodeHeapSize                     = 0                                      {pd product} {ergonomic}
   size_t SoftMaxHeapSize                          = 1073741824                             {manageable} {ergonomic}
     intx TieredStopAtLevel                        = 1                                         {product} {command line}
     bool UseCompressedClassPointers               = true                           {product lp64_product} {ergonomic}
     bool UseCompressedOops                        = true                           {product lp64_product} {ergonomic}
     bool UseG1GC                                  = true                                      {product} {ergonomic}
     bool UseLargePagesIndividualAllocation        = false                                  {pd product} {ergonomic}

Logging:
Log output configuration:
 #0: stdout all=warning,jni+resolve=off uptime,level,tags
 #1: stderr all=off uptime,level,tags

Environment Variables:
JAVA_HOME=C:\Program Files\jdk-17.0.1
PATH=C:\MinGW\bin\;C:\Users\prakhars2\msys64\ucrt64\bin;C:\Windows\System32;C:\Program Files\Amazon\AWSCLIV2\;C:\Program Files\TortoiseGit\bin;C:\Program Files\Git\cmd;C:\Program Files\PuTTY\;C:\Program Files\TortoiseSVN\bin;C:\Program Files\Microsoft VS Code\bin;C:\Program Files\nodejs\node_modules\npm;C:\Users\prakhars2\AppData\Local\Microsoft\WindowsApps;C:\Program Files\jdk-17.0.1\bin;C:\apache-maven-3.9.5\bin;C:\Program Files\Microsoft VS Code;C:\Program Files\MySQL\MySQL Server 8.1\bin;C:\Users\prakhars2\AppData\Roaming\npm;C:\Program Files\nodejs;
USERNAME=prakhars2
OS=Windows_NT
PROCESSOR_IDENTIFIER=Intel64 Family 6 Model 154 Stepping 4, GenuineIntel
TMP=C:\Users\PRAKHA~1\AppData\Local\Temp
TEMP=C:\Users\PRAKHA~1\AppData\Local\Temp



Periodic native trim disabled


---------------  S Y S T E M  ---------------

OS:
 Windows 10 , 64 bit Build 19041 (10.0.19041.3636)
OS uptime: 3 days 2:47 hours

CPU: total 12 (initial active 12) (6 cores per cpu, 2 threads per core) family 6 model 154 stepping 4 microcode 0x429, cx8, cmov, fxsr, ht, mmx, 3dnowpref, sse, sse2, sse3, ssse3, sse4.1, sse4.2, popcnt, lzcnt, tsc, tscinvbit, avx, avx2, aes, erms, clmul, bmi1, bmi2, adx, sha, fma, vzeroupper, clflush, clflushopt, clwb
Processor Information for processor 0
  Max Mhz: 1800, Current Mhz: 1800, Mhz Limit: 1296
Processor Information for processor 1
  Max Mhz: 1800, Current Mhz: 1800, Mhz Limit: 1296
Processor Information for processor 2
  Max Mhz: 1800, Current Mhz: 1800, Mhz Limit: 1800
Processor Information for processor 3
  Max Mhz: 1800, Current Mhz: 1800, Mhz Limit: 1800
Processor Information for processor 4
  Max Mhz: 1800, Current Mhz: 1300, Mhz Limit: 1296
Processor Information for processor 5
  Max Mhz: 1800, Current Mhz: 1300, Mhz Limit: 1296
Processor Information for processor 6
  Max Mhz: 1800, Current Mhz: 1300, Mhz Limit: 1296
Processor Information for processor 7
  Max Mhz: 1800, Current Mhz: 1300, Mhz Limit: 1296
Processor Information for processor 8
  Max Mhz: 1800, Current Mhz: 1300, Mhz Limit: 1296
Processor Information for processor 9
  Max Mhz: 1800, Current Mhz: 1300, Mhz Limit: 1296
Processor Information for processor 10
  Max Mhz: 1800, Current Mhz: 1300, Mhz Limit: 1296
Processor Information for processor 11
  Max Mhz: 1800, Current Mhz: 1300, Mhz Limit: 1296

Memory: 4k page, system-wide physical 16016M (1823M free)
TotalPageFile size 34766M (AvailPageFile size 63M)
current process WorkingSet (physical memory assigned to process): 89M, peak: 175M
current process commit charge ("private bytes"): 223M, peak: 372M

vm_info: OpenJDK 64-Bit Server VM (17.0.12+7) for windows-amd64 JRE (17.0.12+7), built on Jul 16 2024 22:08:24 by "admin" with MS VC++ 16.10 / 16.11 (VS2019)

END.
